\BOOKMARK [1][-]{section.1}{Historical introduction}{}% 1
\BOOKMARK [2][-]{subsection.1.1}{Summary of Schr\366dinger's contributions}{section.1}% 2
\BOOKMARK [2][-]{subsection.1.2}{Summary of Prigogine contributions}{section.1}% 3
\BOOKMARK [1][-]{section.2}{Departure from equilibrium}{}% 4
\BOOKMARK [2][-]{subsection.2.1}{Gibbs entropy}{section.2}% 5
\BOOKMARK [3][-]{subsubsection.2.1.1}{Simple model}{subsection.2.1}% 6
\BOOKMARK [2][-]{subsection.2.2}{MaxEnt}{section.2}% 7
\BOOKMARK [2][-]{subsection.2.3}{Near equilibrium results and concepts}{section.2}% 8
\BOOKMARK [3][-]{subsubsection.2.3.1}{Theory of Fluctuations}{subsection.2.3}% 9
\BOOKMARK [3][-]{subsubsection.2.3.2}{Reciprocal relations}{subsection.2.3}% 10
\BOOKMARK [3][-]{subsubsection.2.3.3}{Green-Kubo relations}{subsection.2.3}% 11
\BOOKMARK [2][-]{subsection.2.4}{Prigogine's MinEP}{section.2}% 12
\BOOKMARK [1][-]{section.3}{Some concepts of non-equilibrium thermodynamics}{}% 13
\BOOKMARK [2][-]{subsection.3.1}{Local equilibrium}{section.3}% 14
\BOOKMARK [3][-]{subsubsection.3.1.1}{Definition of temperature}{subsection.3.1}% 15
\BOOKMARK [2][-]{subsection.3.2}{Entropy production}{section.3}% 16
\BOOKMARK [2][-]{subsection.3.3}{Steady states}{section.3}% 17
\BOOKMARK [1][-]{section.4}{Ideas around fluctuation theorem}{}% 18
\BOOKMARK [2][-]{subsection.4.1}{Time reversibility}{section.4}% 19
\BOOKMARK [2][-]{subsection.4.2}{Thermostated but time reversible systems}{section.4}% 20
\BOOKMARK [3][-]{subsubsection.4.2.1}{Nose-Hoover}{subsection.4.2}% 21
\BOOKMARK [3][-]{subsubsection.4.2.2}{Construction}{subsection.4.2}% 22
\BOOKMARK [2][-]{subsection.4.3}{Condition of adiabatic incompressibility of phase space}{section.4}% 23
\BOOKMARK [2][-]{subsection.4.4}{Liouville equation}{section.4}% 24
\BOOKMARK [2][-]{subsection.4.5}{Dissipation}{section.4}% 25
\BOOKMARK [1][-]{section.5}{General properties of non-equilibrium systems}{}% 26
\BOOKMARK [2][-]{subsection.5.1}{Driven systems}{section.5}% 27
\BOOKMARK [1][-]{section.6}{Non-equilibrium results}{}% 28
\BOOKMARK [2][-]{subsection.6.1}{Dissipation function}{section.6}% 29
\BOOKMARK [3][-]{subsubsection.6.1.1}{Derivation}{subsection.6.1}% 30
\BOOKMARK [2][-]{subsection.6.2}{Fluctuation Theorem}{section.6}% 31
\BOOKMARK [3][-]{subsubsection.6.2.1}{Evans-Searles Fluctuation Theorem}{subsection.6.2}% 32
\BOOKMARK [3][-]{subsubsection.6.2.2}{Crooks Fluctuation Theorem}{subsection.6.2}% 33
\BOOKMARK [3][-]{subsubsection.6.2.3}{As a measure of irreversibility}{subsection.6.2}% 34
\BOOKMARK [2][-]{subsection.6.3}{Dissipation Theorem}{section.6}% 35
\BOOKMARK [3][-]{subsubsection.6.3.1}{Derivation}{subsection.6.3}% 36
\BOOKMARK [3][-]{subsubsection.6.3.2}{T Mixing}{subsection.6.3}% 37
\BOOKMARK [2][-]{subsection.6.4}{Relaxation Theorem}{section.6}% 38
\BOOKMARK [2][-]{subsection.6.5}{Gibbs Entropy}{section.6}% 39
\BOOKMARK [3][-]{subsubsection.6.5.1}{Constancy for Hamiltonian systems}{subsection.6.5}% 40
\BOOKMARK [3][-]{subsubsection.6.5.2}{Divergence}{subsection.6.5}% 41
\BOOKMARK [1][-]{section.7}{Search for a unifying principle}{}% 42
\BOOKMARK [2][-]{subsection.7.1}{Rayleigh's insight}{section.7}% 43
\BOOKMARK [2][-]{subsection.7.2}{Current state of affairs}{section.7}% 44
\BOOKMARK [2][-]{subsection.7.3}{MEP}{section.7}% 45
\BOOKMARK [3][-]{subsubsection.7.3.1}{Relation between fluctuation theorem and MEP}{subsection.7.3}% 46
\BOOKMARK [3][-]{subsubsection.7.3.2}{Results for atmospheres?}{subsection.7.3}% 47
\BOOKMARK [1][-]{section.8}{Physics of adaptation and self-replication}{}% 48
\BOOKMARK [1][-]{section.9}{Statistical measures of complexity}{}% 49
\BOOKMARK [2][-]{subsection.9.1}{Kolmogorov complexity}{section.9}% 50
\BOOKMARK [2][-]{subsection.9.2}{Growth of complexity}{section.9}% 51
