\BOOKMARK [1][-]{section.1}{Historical introduction}{}% 1
\BOOKMARK [2][-]{subsection.1.1}{The founding fathers of thermodynamics}{section.1}% 2
\BOOKMARK [2][-]{subsection.1.2}{The information era and Schr\366dingers influence on physics}{section.1}% 3
\BOOKMARK [2][-]{subsection.1.3}{The resolution of the Loschmidt paradox }{section.1}% 4
\BOOKMARK [2][-]{subsection.1.4}{Different approaches towards irreversibility and non-equilibrium}{section.1}% 5
\BOOKMARK [2][-]{subsection.1.5}{Jaynes formulation of statistical mechanics \(MaxEnt\)}{section.1}% 6
\BOOKMARK [2][-]{subsection.1.6}{Physics of computation}{section.1}% 7
\BOOKMARK [1][-]{section.2}{Treatments of entropy in the standard contexts}{}% 8
\BOOKMARK [2][-]{subsection.2.1}{Gibbs entropy}{section.2}% 9
\BOOKMARK [2][-]{subsection.2.2}{von Neumann entropy}{section.2}% 10
\BOOKMARK [1][-]{section.3}{Near-equilibrium thermodynamics}{}% 11
\BOOKMARK [2][-]{subsection.3.1}{Linear response, regression and fluctuations}{section.3}% 12
\BOOKMARK [2][-]{subsection.3.2}{Onsager relations and hypothesis}{section.3}% 13
\BOOKMARK [2][-]{subsection.3.3}{Local equilibrium and Entropy production}{section.3}% 14
\BOOKMARK [3][-]{subsubsection.3.3.1}{Definition of temperature}{subsection.3.3}% 15
\BOOKMARK [3][-]{subsubsection.3.3.2}{Steady states}{subsection.3.3}% 16
\BOOKMARK [2][-]{subsection.3.4}{MinEP}{section.3}% 17
\BOOKMARK [2][-]{subsection.3.5}{Green-Kubo relations}{section.3}% 18
\BOOKMARK [2][-]{subsection.3.6}{Example analysis}{section.3}% 19
\BOOKMARK [3][-]{subsubsection.3.6.1}{Decrease of entropy in a simple model}{subsection.3.6}% 20
\BOOKMARK [1][-]{section.4}{Pure non-equilibrium results}{}% 21
\BOOKMARK [2][-]{subsection.4.1}{Jarzynski equality}{section.4}% 22
\BOOKMARK [2][-]{subsection.4.2}{Crooks fluctuation theorem}{section.4}% 23
\BOOKMARK [2][-]{subsection.4.3}{Onsager-Machlup path integrals}{section.4}% 24
\BOOKMARK [2][-]{subsection.4.4}{Evans derivation}{section.4}% 25
\BOOKMARK [2][-]{subsection.4.5}{Appropriate treatment of reverse trajectories}{section.4}% 26
