\BOOKMARK [1][-]{section.1}{Introduction}{}% 1
\BOOKMARK [1][-]{section.2}{Historical outline}{}% 2
\BOOKMARK [2][-]{subsection.2.1}{The founding fathers of thermodynamics}{section.2}% 3
\BOOKMARK [2][-]{subsection.2.2}{The information era and Schr\366dingers influence on physics}{section.2}% 4
\BOOKMARK [2][-]{subsection.2.3}{The resolution of the Loschmidt paradox }{section.2}% 5
\BOOKMARK [2][-]{subsection.2.4}{Different approaches towards irreversibility and non-equilibrium}{section.2}% 6
\BOOKMARK [2][-]{subsection.2.5}{Jaynes formulation of statistical mechanics \(MaxEnt\)}{section.2}% 7
\BOOKMARK [2][-]{subsection.2.6}{Physics of computation}{section.2}% 8
\BOOKMARK [1][-]{section.3}{Treatments of entropy in the standard contexts}{}% 9
\BOOKMARK [2][-]{subsection.3.1}{Gibbs entropy}{section.3}% 10
\BOOKMARK [2][-]{subsection.3.2}{von Neumann entropy during measurement process}{section.3}% 11
\BOOKMARK [1][-]{section.4}{Near-equilibrium thermodynamics}{}% 12
\BOOKMARK [2][-]{subsection.4.1}{Local equilibrium and entropy production [in progress]}{section.4}% 13
\BOOKMARK [2][-]{subsection.4.2}{Linear response, regression and fluctuations}{section.4}% 14
\BOOKMARK [2][-]{subsection.4.3}{Onsager relations and hypothesis}{section.4}% 15
\BOOKMARK [2][-]{subsection.4.4}{Green-Kubo relations}{section.4}% 16
\BOOKMARK [2][-]{subsection.4.5}{Steady states [in progress]}{section.4}% 17
\BOOKMARK [2][-]{subsection.4.6}{Definition of temperature [in progress]}{section.4}% 18
\BOOKMARK [2][-]{subsection.4.7}{MinEP}{section.4}% 19
\BOOKMARK [1][-]{section.5}{Thermodynamic lowering of entropy in non-equilibrium conditions}{}% 20
\BOOKMARK [1][-]{section.6}{Measure of irreversibility and the Second Law}{}% 21
\BOOKMARK [1][-]{section.7}{Fluctuation theorems}{}% 22
\BOOKMARK [2][-]{subsection.7.1}{The deterministic approach}{section.7}% 23
\BOOKMARK [3][-]{subsubsection.7.1.1}{Thermostated, but time reversible systems}{subsection.7.1}% 24
\BOOKMARK [3][-]{subsubsection.7.1.2}{Time reversibility}{subsection.7.1}% 25
\BOOKMARK [3][-]{subsubsection.7.1.3}{Liouville equation}{subsection.7.1}% 26
\BOOKMARK [3][-]{subsubsection.7.1.4}{Dissipation}{subsection.7.1}% 27
\BOOKMARK [3][-]{subsubsection.7.1.5}{Evans-Searles Fluctuation Theorem}{subsection.7.1}% 28
\BOOKMARK [3][-]{subsubsection.7.1.6}{Instantaneous dissipation function}{subsection.7.1}% 29
\BOOKMARK [3][-]{subsubsection.7.1.7}{Dissipation Theorem}{subsection.7.1}% 30
\BOOKMARK [3][-]{subsubsection.7.1.8}{Mixing properties and their relations}{subsection.7.1}% 31
\BOOKMARK [3][-]{subsubsection.7.1.9}{Relaxation}{subsection.7.1}% 32
\BOOKMARK [3][-]{subsubsection.7.1.10}{Relaxation Theorem}{subsection.7.1}% 33
\BOOKMARK [3][-]{subsubsection.7.1.11}{Driven systems}{subsection.7.1}% 34
\BOOKMARK [3][-]{subsubsection.7.1.12}{Non-equilibrium Steady States}{subsection.7.1}% 35
\BOOKMARK [2][-]{subsection.7.2}{Generalized Crooks fluctuation theorem}{section.7}% 36
\BOOKMARK [2][-]{subsection.7.3}{Jarzynski Equality}{section.7}% 37
\BOOKMARK [1][-]{section.8}{Application to self-replication and adaptation}{}% 38
\BOOKMARK [2][-]{subsection.8.1}{Self-replication}{section.8}% 39
\BOOKMARK [2][-]{subsection.8.2}{Energy landscape traversal}{section.8}% 40
\BOOKMARK [1][-]{section.9}{Search for a unifying principle}{}% 41
\BOOKMARK [2][-]{subsection.9.1}{Rayleigh's insight}{section.9}% 42
\BOOKMARK [2][-]{subsection.9.2}{MEP principle}{section.9}% 43
\BOOKMARK [3][-]{subsubsection.9.2.1}{Relation to MinEP}{subsection.9.2}% 44
\BOOKMARK [3][-]{subsubsection.9.2.2}{Extrema of the Dissipation Function and MEP}{subsection.9.2}% 45
\BOOKMARK [3][-]{subsubsection.9.2.3}{MaxEnt based formulations of MEP}{subsection.9.2}% 46
\BOOKMARK [2][-]{subsection.9.3}{MEP principle as an inference principle}{section.9}% 47
\BOOKMARK [1][-]{section.10}{Summary}{}% 48
